<?xml version="1.0" encoding="UTF-8"?>
<testng-results skipped="0" failed="0" ignored="0" total="1" passed="1">
  <reporter-output>
  </reporter-output>
  <suite name="Default suite" duration-ms="99085" started-at="2019-12-14T17:36:28 IST" finished-at="2019-12-14T17:38:07 IST">
    <groups>
    </groups>
    <test name="Default test" duration-ms="99085" started-at="2019-12-14T17:36:28 IST" finished-at="2019-12-14T17:38:07 IST">
      <class name="Testcase.TC001_Amazon">
        <test-method status="PASS" signature="launchBrowser()[pri:0, instance:Testcase.TC001_Amazon@48503868]" name="launchBrowser" is-config="true" duration-ms="40651" started-at="2019-12-14T17:36:28 IST" finished-at="2019-12-14T17:37:09 IST">
          <reporter-output>
          </reporter-output>
        </test-method> <!-- launchBrowser -->
        <test-method status="PASS" signature="Amazon()[pri:0, instance:Testcase.TC001_Amazon@48503868]" name="Amazon" duration-ms="52085" started-at="2019-12-14T17:37:09 IST" finished-at="2019-12-14T17:38:01 IST">
          <reporter-output>
          </reporter-output>
        </test-method> <!-- Amazon -->
        <test-method status="PASS" signature="close()[pri:0, instance:Testcase.TC001_Amazon@48503868]" name="close" is-config="true" duration-ms="6235" started-at="2019-12-14T17:38:01 IST" finished-at="2019-12-14T17:38:07 IST">
          <reporter-output>
          </reporter-output>
        </test-method> <!-- close -->
      </class> <!-- Testcase.TC001_Amazon -->
    </test> <!-- Default test -->
  </suite> <!-- Default suite -->
</testng-results>
