<?xml version="1.0" encoding="UTF-8"?>
<testng-results skipped="0" failed="0" ignored="0" total="1" passed="1">
  <reporter-output>
  </reporter-output>
  <suite name="Default suite" duration-ms="40089" started-at="2019-12-14T16:41:56 IST" finished-at="2019-12-14T16:42:36 IST">
    <groups>
    </groups>
    <test name="Default test" duration-ms="40089" started-at="2019-12-14T16:41:56 IST" finished-at="2019-12-14T16:42:36 IST">
      <class name="Testcase.TC001_Amazon">
        <test-method status="PASS" signature="launchBrowser()[pri:0, instance:Testcase.TC001_Amazon@711f39f9]" name="launchBrowser" is-config="true" duration-ms="19653" started-at="2019-12-14T16:41:56 IST" finished-at="2019-12-14T16:42:16 IST">
          <reporter-output>
          </reporter-output>
        </test-method> <!-- launchBrowser -->
        <test-method status="PASS" signature="Amazon()[pri:0, instance:Testcase.TC001_Amazon@711f39f9]" name="Amazon" duration-ms="14453" started-at="2019-12-14T16:42:16 IST" finished-at="2019-12-14T16:42:30 IST">
          <reporter-output>
          </reporter-output>
        </test-method> <!-- Amazon -->
        <test-method status="PASS" signature="close()[pri:0, instance:Testcase.TC001_Amazon@711f39f9]" name="close" is-config="true" duration-ms="5894" started-at="2019-12-14T16:42:30 IST" finished-at="2019-12-14T16:42:36 IST">
          <reporter-output>
          </reporter-output>
        </test-method> <!-- close -->
      </class> <!-- Testcase.TC001_Amazon -->
    </test> <!-- Default test -->
  </suite> <!-- Default suite -->
</testng-results>
